<?xml version="1.0" encoding="UTF-8"?>
<testsuite xmlns:xsi="http://www.w3.org/2001/XMLSchema-instance" xsi:noNamespaceSchemaLocation="https://maven.apache.org/surefire/maven-surefire-plugin/xsd/surefire-test-report.xsd" name="com.umer.simplefakebank.service.AccountServiceTest" time="0.15" tests="6" errors="0" skipped="0" failures="0">
  <properties>
[...]
</properties>
  <testcase name="testUnsuccessfulTransfer" classname="com.umer.simplefakebank.service.AccountServiceTest" time="0.015"/>
  <testcase name="testTransferToSameAccountNotAllowed" classname="com.umer.simplefakebank.service.AccountServiceTest" time="0.012"/>
  <testcase name="testRequestAccountNotFoundForUserId" classname="com.umer.simplefakebank.service.AccountServiceTest" time="0.011"/>
  <testcase name="testGetAccountnotFound" classname="com.umer.simplefakebank.service.AccountServiceTest" time="0.012"/>
  <testcase name="testCreateNewAccountWithNullRequest" classname="com.umer.simplefakebank.service.AccountServiceTest" time="0.013"/>
  <testcase name="testSuccessfulTransfer" classname="com.umer.simplefakebank.service.AccountServiceTest" time="0.011"/>
</testsuite>